2025-12-10 22:04:11 || ERROR: || || Error occured [GET ||/https://example.com/profile.jpg
      Can't find /https://example.com/profile.jpg on this server! ||stack :  Error: Can't find /https://example.com/profile.jpg on this server!
    at D:\Unverstiy\G_project\backend\backend-for-university-project-\app.js:49:8
    at Layer.handleRequest (D:\Unverstiy\G_project\backend\backend-for-university-project-\node_modules\router\lib\layer.js:152:17)
    at trimPrefix (D:\Unverstiy\G_project\backend\backend-for-university-project-\node_modules\router\index.js:342:13)
    at D:\Unverstiy\G_project\backend\backend-for-university-project-\node_modules\router\index.js:297:9
    at processParams (D:\Unverstiy\G_project\backend\backend-for-university-project-\node_modules\router\index.js:582:12)
    at next (D:\Unverstiy\G_project\backend\backend-for-university-project-\node_modules\router\index.js:291:5)
    at Layer.handleRequest (D:\Unverstiy\G_project\backend\backend-for-university-project-\node_modules\router\lib\layer.js:147:12)
    at trimPrefix (D:\Unverstiy\G_project\backend\backend-for-university-project-\node_modules\router\index.js:342:13)
    at D:\Unverstiy\G_project\backend\backend-for-university-project-\node_modules\router\index.js:297:9
    at processParams (D:\Unverstiy\G_project\backend\backend-for-university-project-\node_modules\router\index.js:582:12)] || undefined
    ]
2025-12-10 22:04:11 || ERROR: || || Error occured [GET ||/https://yourdomain.com/uploads/user1.jpg
      Can't find /https://yourdomain.com/uploads/user1.jpg on this server! ||stack :  Error: Can't find /https://yourdomain.com/uploads/user1.jpg on this server!
    at D:\Unverstiy\G_project\backend\backend-for-university-project-\app.js:49:8
    at Layer.handleRequest (D:\Unverstiy\G_project\backend\backend-for-university-project-\node_modules\router\lib\layer.js:152:17)
    at trimPrefix (D:\Unverstiy\G_project\backend\backend-for-university-project-\node_modules\router\index.js:342:13)
    at D:\Unverstiy\G_project\backend\backend-for-university-project-\node_modules\router\index.js:297:9
    at processParams (D:\Unverstiy\G_project\backend\backend-for-university-project-\node_modules\router\index.js:582:12)
    at next (D:\Unverstiy\G_project\backend\backend-for-university-project-\node_modules\router\index.js:291:5)
    at Layer.handleRequest (D:\Unverstiy\G_project\backend\backend-for-university-project-\node_modules\router\lib\layer.js:147:12)
    at trimPrefix (D:\Unverstiy\G_project\backend\backend-for-university-project-\node_modules\router\index.js:342:13)
    at D:\Unverstiy\G_project\backend\backend-for-university-project-\node_modules\router\index.js:297:9
    at processParams (D:\Unverstiy\G_project\backend\backend-for-university-project-\node_modules\router\index.js:582:12)] || undefined
    ]
2025-12-10 22:04:11 || ERROR: || || Error occured [GET ||/uploads/1764526956239_.jpg
      Can't find /uploads/1764526956239_.jpg on this server! ||stack :  Error: Can't find /uploads/1764526956239_.jpg on this server!
    at D:\Unverstiy\G_project\backend\backend-for-university-project-\app.js:49:8
    at Layer.handleRequest (D:\Unverstiy\G_project\backend\backend-for-university-project-\node_modules\router\lib\layer.js:152:17)
    at trimPrefix (D:\Unverstiy\G_project\backend\backend-for-university-project-\node_modules\router\index.js:342:13)
    at D:\Unverstiy\G_project\backend\backend-for-university-project-\node_modules\router\index.js:297:9
    at processParams (D:\Unverstiy\G_project\backend\backend-for-university-project-\node_modules\router\index.js:582:12)
    at next (D:\Unverstiy\G_project\backend\backend-for-university-project-\node_modules\router\index.js:291:5)
    at Layer.handleRequest (D:\Unverstiy\G_project\backend\backend-for-university-project-\node_modules\router\lib\layer.js:147:12)
    at trimPrefix (D:\Unverstiy\G_project\backend\backend-for-university-project-\node_modules\router\index.js:342:13)
    at D:\Unverstiy\G_project\backend\backend-for-university-project-\node_modules\router\index.js:297:9
    at processParams (D:\Unverstiy\G_project\backend\backend-for-university-project-\node_modules\router\index.js:582:12)] || undefined
    ]
2025-12-10 22:04:11 || ERROR: || || Error occured [GET ||/uploads/1764527181055_.jpg
      Can't find /uploads/1764527181055_.jpg on this server! ||stack :  Error: Can't find /uploads/1764527181055_.jpg on this server!
    at D:\Unverstiy\G_project\backend\backend-for-university-project-\app.js:49:8
    at Layer.handleRequest (D:\Unverstiy\G_project\backend\backend-for-university-project-\node_modules\router\lib\layer.js:152:17)
    at trimPrefix (D:\Unverstiy\G_project\backend\backend-for-university-project-\node_modules\router\index.js:342:13)
    at D:\Unverstiy\G_project\backend\backend-for-university-project-\node_modules\router\index.js:297:9
    at processParams (D:\Unverstiy\G_project\backend\backend-for-university-project-\node_modules\router\index.js:582:12)
    at next (D:\Unverstiy\G_project\backend\backend-for-university-project-\node_modules\router\index.js:291:5)
    at Layer.handleRequest (D:\Unverstiy\G_project\backend\backend-for-university-project-\node_modules\router\lib\layer.js:147:12)
    at trimPrefix (D:\Unverstiy\G_project\backend\backend-for-university-project-\node_modules\router\index.js:342:13)
    at D:\Unverstiy\G_project\backend\backend-for-university-project-\node_modules\router\index.js:297:9
    at processParams (D:\Unverstiy\G_project\backend\backend-for-university-project-\node_modules\router\index.js:582:12)] || undefined
    ]
2025-12-10 22:05:03 || ERROR: || || Error occured [GET ||/https://example.com/profile.jpg
      Can't find /https://example.com/profile.jpg on this server! ||stack :  Error: Can't find /https://example.com/profile.jpg on this server!
    at D:\Unverstiy\G_project\backend\backend-for-university-project-\app.js:49:8
    at Layer.handleRequest (D:\Unverstiy\G_project\backend\backend-for-university-project-\node_modules\router\lib\layer.js:152:17)
    at trimPrefix (D:\Unverstiy\G_project\backend\backend-for-university-project-\node_modules\router\index.js:342:13)
    at D:\Unverstiy\G_project\backend\backend-for-university-project-\node_modules\router\index.js:297:9
    at processParams (D:\Unverstiy\G_project\backend\backend-for-university-project-\node_modules\router\index.js:582:12)
    at next (D:\Unverstiy\G_project\backend\backend-for-university-project-\node_modules\router\index.js:291:5)
    at Layer.handleRequest (D:\Unverstiy\G_project\backend\backend-for-university-project-\node_modules\router\lib\layer.js:147:12)
    at trimPrefix (D:\Unverstiy\G_project\backend\backend-for-university-project-\node_modules\router\index.js:342:13)
    at D:\Unverstiy\G_project\backend\backend-for-university-project-\node_modules\router\index.js:297:9
    at processParams (D:\Unverstiy\G_project\backend\backend-for-university-project-\node_modules\router\index.js:582:12)] || undefined
    ]
2025-12-10 22:05:03 || ERROR: || || Error occured [GET ||/https://yourdomain.com/uploads/user1.jpg
      Can't find /https://yourdomain.com/uploads/user1.jpg on this server! ||stack :  Error: Can't find /https://yourdomain.com/uploads/user1.jpg on this server!
    at D:\Unverstiy\G_project\backend\backend-for-university-project-\app.js:49:8
    at Layer.handleRequest (D:\Unverstiy\G_project\backend\backend-for-university-project-\node_modules\router\lib\layer.js:152:17)
    at trimPrefix (D:\Unverstiy\G_project\backend\backend-for-university-project-\node_modules\router\index.js:342:13)
    at D:\Unverstiy\G_project\backend\backend-for-university-project-\node_modules\router\index.js:297:9
    at processParams (D:\Unverstiy\G_project\backend\backend-for-university-project-\node_modules\router\index.js:582:12)
    at next (D:\Unverstiy\G_project\backend\backend-for-university-project-\node_modules\router\index.js:291:5)
    at Layer.handleRequest (D:\Unverstiy\G_project\backend\backend-for-university-project-\node_modules\router\lib\layer.js:147:12)
    at trimPrefix (D:\Unverstiy\G_project\backend\backend-for-university-project-\node_modules\router\index.js:342:13)
    at D:\Unverstiy\G_project\backend\backend-for-university-project-\node_modules\router\index.js:297:9
    at processParams (D:\Unverstiy\G_project\backend\backend-for-university-project-\node_modules\router\index.js:582:12)] || undefined
    ]
2025-12-10 22:05:03 || ERROR: || || Error occured [GET ||/uploads/1764526956239_.jpg
      Can't find /uploads/1764526956239_.jpg on this server! ||stack :  Error: Can't find /uploads/1764526956239_.jpg on this server!
    at D:\Unverstiy\G_project\backend\backend-for-university-project-\app.js:49:8
    at Layer.handleRequest (D:\Unverstiy\G_project\backend\backend-for-university-project-\node_modules\router\lib\layer.js:152:17)
    at trimPrefix (D:\Unverstiy\G_project\backend\backend-for-university-project-\node_modules\router\index.js:342:13)
    at D:\Unverstiy\G_project\backend\backend-for-university-project-\node_modules\router\index.js:297:9
    at processParams (D:\Unverstiy\G_project\backend\backend-for-university-project-\node_modules\router\index.js:582:12)
    at next (D:\Unverstiy\G_project\backend\backend-for-university-project-\node_modules\router\index.js:291:5)
    at Layer.handleRequest (D:\Unverstiy\G_project\backend\backend-for-university-project-\node_modules\router\lib\layer.js:147:12)
    at trimPrefix (D:\Unverstiy\G_project\backend\backend-for-university-project-\node_modules\router\index.js:342:13)
    at D:\Unverstiy\G_project\backend\backend-for-university-project-\node_modules\router\index.js:297:9
    at processParams (D:\Unverstiy\G_project\backend\backend-for-university-project-\node_modules\router\index.js:582:12)] || undefined
    ]
2025-12-10 22:05:03 || ERROR: || || Error occured [GET ||/uploads/1764527181055_.jpg
      Can't find /uploads/1764527181055_.jpg on this server! ||stack :  Error: Can't find /uploads/1764527181055_.jpg on this server!
    at D:\Unverstiy\G_project\backend\backend-for-university-project-\app.js:49:8
    at Layer.handleRequest (D:\Unverstiy\G_project\backend\backend-for-university-project-\node_modules\router\lib\layer.js:152:17)
    at trimPrefix (D:\Unverstiy\G_project\backend\backend-for-university-project-\node_modules\router\index.js:342:13)
    at D:\Unverstiy\G_project\backend\backend-for-university-project-\node_modules\router\index.js:297:9
    at processParams (D:\Unverstiy\G_project\backend\backend-for-university-project-\node_modules\router\index.js:582:12)
    at next (D:\Unverstiy\G_project\backend\backend-for-university-project-\node_modules\router\index.js:291:5)
    at Layer.handleRequest (D:\Unverstiy\G_project\backend\backend-for-university-project-\node_modules\router\lib\layer.js:147:12)
    at trimPrefix (D:\Unverstiy\G_project\backend\backend-for-university-project-\node_modules\router\index.js:342:13)
    at D:\Unverstiy\G_project\backend\backend-for-university-project-\node_modules\router\index.js:297:9
    at processParams (D:\Unverstiy\G_project\backend\backend-for-university-project-\node_modules\router\index.js:582:12)] || undefined
    ]
2025-12-10 23:22:45 || ERROR: || || Error occured [GET ||/https://example.com/profile.jpg
      Can't find /https://example.com/profile.jpg on this server! ||stack :  Error: Can't find /https://example.com/profile.jpg on this server!
    at D:\Unverstiy\G_project\backend\backend-for-university-project-\app.js:49:8
    at Layer.handleRequest (D:\Unverstiy\G_project\backend\backend-for-university-project-\node_modules\router\lib\layer.js:152:17)
    at trimPrefix (D:\Unverstiy\G_project\backend\backend-for-university-project-\node_modules\router\index.js:342:13)
    at D:\Unverstiy\G_project\backend\backend-for-university-project-\node_modules\router\index.js:297:9
    at processParams (D:\Unverstiy\G_project\backend\backend-for-university-project-\node_modules\router\index.js:582:12)
    at next (D:\Unverstiy\G_project\backend\backend-for-university-project-\node_modules\router\index.js:291:5)
    at Layer.handleRequest (D:\Unverstiy\G_project\backend\backend-for-university-project-\node_modules\router\lib\layer.js:147:12)
    at trimPrefix (D:\Unverstiy\G_project\backend\backend-for-university-project-\node_modules\router\index.js:342:13)
    at D:\Unverstiy\G_project\backend\backend-for-university-project-\node_modules\router\index.js:297:9
    at processParams (D:\Unverstiy\G_project\backend\backend-for-university-project-\node_modules\router\index.js:582:12)] || undefined
    ]
2025-12-10 23:22:45 || ERROR: || || Error occured [GET ||/https://yourdomain.com/uploads/user1.jpg
      Can't find /https://yourdomain.com/uploads/user1.jpg on this server! ||stack :  Error: Can't find /https://yourdomain.com/uploads/user1.jpg on this server!
    at D:\Unverstiy\G_project\backend\backend-for-university-project-\app.js:49:8
    at Layer.handleRequest (D:\Unverstiy\G_project\backend\backend-for-university-project-\node_modules\router\lib\layer.js:152:17)
    at trimPrefix (D:\Unverstiy\G_project\backend\backend-for-university-project-\node_modules\router\index.js:342:13)
    at D:\Unverstiy\G_project\backend\backend-for-university-project-\node_modules\router\index.js:297:9
    at processParams (D:\Unverstiy\G_project\backend\backend-for-university-project-\node_modules\router\index.js:582:12)
    at next (D:\Unverstiy\G_project\backend\backend-for-university-project-\node_modules\router\index.js:291:5)
    at Layer.handleRequest (D:\Unverstiy\G_project\backend\backend-for-university-project-\node_modules\router\lib\layer.js:147:12)
    at trimPrefix (D:\Unverstiy\G_project\backend\backend-for-university-project-\node_modules\router\index.js:342:13)
    at D:\Unverstiy\G_project\backend\backend-for-university-project-\node_modules\router\index.js:297:9
    at processParams (D:\Unverstiy\G_project\backend\backend-for-university-project-\node_modules\router\index.js:582:12)] || undefined
    ]
2025-12-10 23:22:45 || ERROR: || || Error occured [GET ||/uploads/1764526956239_.jpg
      Can't find /uploads/1764526956239_.jpg on this server! ||stack :  Error: Can't find /uploads/1764526956239_.jpg on this server!
    at D:\Unverstiy\G_project\backend\backend-for-university-project-\app.js:49:8
    at Layer.handleRequest (D:\Unverstiy\G_project\backend\backend-for-university-project-\node_modules\router\lib\layer.js:152:17)
    at trimPrefix (D:\Unverstiy\G_project\backend\backend-for-university-project-\node_modules\router\index.js:342:13)
    at D:\Unverstiy\G_project\backend\backend-for-university-project-\node_modules\router\index.js:297:9
    at processParams (D:\Unverstiy\G_project\backend\backend-for-university-project-\node_modules\router\index.js:582:12)
    at next (D:\Unverstiy\G_project\backend\backend-for-university-project-\node_modules\router\index.js:291:5)
    at Layer.handleRequest (D:\Unverstiy\G_project\backend\backend-for-university-project-\node_modules\router\lib\layer.js:147:12)
    at trimPrefix (D:\Unverstiy\G_project\backend\backend-for-university-project-\node_modules\router\index.js:342:13)
    at D:\Unverstiy\G_project\backend\backend-for-university-project-\node_modules\router\index.js:297:9
    at processParams (D:\Unverstiy\G_project\backend\backend-for-university-project-\node_modules\router\index.js:582:12)] || undefined
    ]
2025-12-10 23:22:45 || ERROR: || || Error occured [GET ||/uploads/1764527181055_.jpg
      Can't find /uploads/1764527181055_.jpg on this server! ||stack :  Error: Can't find /uploads/1764527181055_.jpg on this server!
    at D:\Unverstiy\G_project\backend\backend-for-university-project-\app.js:49:8
    at Layer.handleRequest (D:\Unverstiy\G_project\backend\backend-for-university-project-\node_modules\router\lib\layer.js:152:17)
    at trimPrefix (D:\Unverstiy\G_project\backend\backend-for-university-project-\node_modules\router\index.js:342:13)
    at D:\Unverstiy\G_project\backend\backend-for-university-project-\node_modules\router\index.js:297:9
    at processParams (D:\Unverstiy\G_project\backend\backend-for-university-project-\node_modules\router\index.js:582:12)
    at next (D:\Unverstiy\G_project\backend\backend-for-university-project-\node_modules\router\index.js:291:5)
    at Layer.handleRequest (D:\Unverstiy\G_project\backend\backend-for-university-project-\node_modules\router\lib\layer.js:147:12)
    at trimPrefix (D:\Unverstiy\G_project\backend\backend-for-university-project-\node_modules\router\index.js:342:13)
    at D:\Unverstiy\G_project\backend\backend-for-university-project-\node_modules\router\index.js:297:9
    at processParams (D:\Unverstiy\G_project\backend\backend-for-university-project-\node_modules\router\index.js:582:12)] || undefined
    ]
2025-12-10 23:22:55 || ERROR: || || Error occured [GET ||/https://example.com/profile.jpg
      Can't find /https://example.com/profile.jpg on this server! ||stack :  Error: Can't find /https://example.com/profile.jpg on this server!
    at D:\Unverstiy\G_project\backend\backend-for-university-project-\app.js:49:8
    at Layer.handleRequest (D:\Unverstiy\G_project\backend\backend-for-university-project-\node_modules\router\lib\layer.js:152:17)
    at trimPrefix (D:\Unverstiy\G_project\backend\backend-for-university-project-\node_modules\router\index.js:342:13)
    at D:\Unverstiy\G_project\backend\backend-for-university-project-\node_modules\router\index.js:297:9
    at processParams (D:\Unverstiy\G_project\backend\backend-for-university-project-\node_modules\router\index.js:582:12)
    at next (D:\Unverstiy\G_project\backend\backend-for-university-project-\node_modules\router\index.js:291:5)
    at Layer.handleRequest (D:\Unverstiy\G_project\backend\backend-for-university-project-\node_modules\router\lib\layer.js:147:12)
    at trimPrefix (D:\Unverstiy\G_project\backend\backend-for-university-project-\node_modules\router\index.js:342:13)
    at D:\Unverstiy\G_project\backend\backend-for-university-project-\node_modules\router\index.js:297:9
    at processParams (D:\Unverstiy\G_project\backend\backend-for-university-project-\node_modules\router\index.js:582:12)] || undefined
    ]
2025-12-10 23:22:55 || ERROR: || || Error occured [GET ||/https://yourdomain.com/uploads/user1.jpg
      Can't find /https://yourdomain.com/uploads/user1.jpg on this server! ||stack :  Error: Can't find /https://yourdomain.com/uploads/user1.jpg on this server!
    at D:\Unverstiy\G_project\backend\backend-for-university-project-\app.js:49:8
    at Layer.handleRequest (D:\Unverstiy\G_project\backend\backend-for-university-project-\node_modules\router\lib\layer.js:152:17)
    at trimPrefix (D:\Unverstiy\G_project\backend\backend-for-university-project-\node_modules\router\index.js:342:13)
    at D:\Unverstiy\G_project\backend\backend-for-university-project-\node_modules\router\index.js:297:9
    at processParams (D:\Unverstiy\G_project\backend\backend-for-university-project-\node_modules\router\index.js:582:12)
    at next (D:\Unverstiy\G_project\backend\backend-for-university-project-\node_modules\router\index.js:291:5)
    at Layer.handleRequest (D:\Unverstiy\G_project\backend\backend-for-university-project-\node_modules\router\lib\layer.js:147:12)
    at trimPrefix (D:\Unverstiy\G_project\backend\backend-for-university-project-\node_modules\router\index.js:342:13)
    at D:\Unverstiy\G_project\backend\backend-for-university-project-\node_modules\router\index.js:297:9
    at processParams (D:\Unverstiy\G_project\backend\backend-for-university-project-\node_modules\router\index.js:582:12)] || undefined
    ]
2025-12-10 23:22:55 || ERROR: || || Error occured [GET ||/uploads/1764526956239_.jpg
      Can't find /uploads/1764526956239_.jpg on this server! ||stack :  Error: Can't find /uploads/1764526956239_.jpg on this server!
    at D:\Unverstiy\G_project\backend\backend-for-university-project-\app.js:49:8
    at Layer.handleRequest (D:\Unverstiy\G_project\backend\backend-for-university-project-\node_modules\router\lib\layer.js:152:17)
    at trimPrefix (D:\Unverstiy\G_project\backend\backend-for-university-project-\node_modules\router\index.js:342:13)
    at D:\Unverstiy\G_project\backend\backend-for-university-project-\node_modules\router\index.js:297:9
    at processParams (D:\Unverstiy\G_project\backend\backend-for-university-project-\node_modules\router\index.js:582:12)
    at next (D:\Unverstiy\G_project\backend\backend-for-university-project-\node_modules\router\index.js:291:5)
    at Layer.handleRequest (D:\Unverstiy\G_project\backend\backend-for-university-project-\node_modules\router\lib\layer.js:147:12)
    at trimPrefix (D:\Unverstiy\G_project\backend\backend-for-university-project-\node_modules\router\index.js:342:13)
    at D:\Unverstiy\G_project\backend\backend-for-university-project-\node_modules\router\index.js:297:9
    at processParams (D:\Unverstiy\G_project\backend\backend-for-university-project-\node_modules\router\index.js:582:12)] || undefined
    ]
2025-12-10 23:22:55 || ERROR: || || Error occured [GET ||/uploads/1764527181055_.jpg
      Can't find /uploads/1764527181055_.jpg on this server! ||stack :  Error: Can't find /uploads/1764527181055_.jpg on this server!
    at D:\Unverstiy\G_project\backend\backend-for-university-project-\app.js:49:8
    at Layer.handleRequest (D:\Unverstiy\G_project\backend\backend-for-university-project-\node_modules\router\lib\layer.js:152:17)
    at trimPrefix (D:\Unverstiy\G_project\backend\backend-for-university-project-\node_modules\router\index.js:342:13)
    at D:\Unverstiy\G_project\backend\backend-for-university-project-\node_modules\router\index.js:297:9
    at processParams (D:\Unverstiy\G_project\backend\backend-for-university-project-\node_modules\router\index.js:582:12)
    at next (D:\Unverstiy\G_project\backend\backend-for-university-project-\node_modules\router\index.js:291:5)
    at Layer.handleRequest (D:\Unverstiy\G_project\backend\backend-for-university-project-\node_modules\router\lib\layer.js:147:12)
    at trimPrefix (D:\Unverstiy\G_project\backend\backend-for-university-project-\node_modules\router\index.js:342:13)
    at D:\Unverstiy\G_project\backend\backend-for-university-project-\node_modules\router\index.js:297:9
    at processParams (D:\Unverstiy\G_project\backend\backend-for-university-project-\node_modules\router\index.js:582:12)] || undefined
    ]
{"level":"error","message":"Error occured [GET ||/index.html\n      Can't find /index.html on this server! ||stack :  Error: Can't find /index.html on this server!\n    at F:\\CSIS\\Fourth year\\Final Project\\second version for backend\\app.js:52:8\n    at Layer.handleRequest (F:\\CSIS\\Fourth year\\Final Project\\second version for backend\\node_modules\\router\\lib\\layer.js:152:17)\n    at trimPrefix (F:\\CSIS\\Fourth year\\Final Project\\second version for backend\\node_modules\\router\\index.js:342:13)\n    at F:\\CSIS\\Fourth year\\Final Project\\second version for backend\\node_modules\\router\\index.js:297:9\n    at processParams (F:\\CSIS\\Fourth year\\Final Project\\second version for backend\\node_modules\\router\\index.js:582:12)\n    at next (F:\\CSIS\\Fourth year\\Final Project\\second version for backend\\node_modules\\router\\index.js:291:5)\n    at Layer.handleRequest (F:\\CSIS\\Fourth year\\Final Project\\second version for backend\\node_modules\\router\\lib\\layer.js:147:12)\n    at trimPrefix (F:\\CSIS\\Fourth year\\Final Project\\second version for backend\\node_modules\\router\\index.js:342:13)\n    at F:\\CSIS\\Fourth year\\Final Project\\second version for backend\\node_modules\\router\\index.js:297:9\n    at processParams (F:\\CSIS\\Fourth year\\Final Project\\second version for backend\\node_modules\\router\\index.js:582:12)] || undefined\n    ]","metadata":{"timestamp":"2025-12-30 23:53:31"}}
{"level":"error","message":"Error occured [GET ||/favicon.ico\n      Can't find /favicon.ico on this server! ||stack :  Error: Can't find /favicon.ico on this server!\n    at F:\\CSIS\\Fourth year\\Final Project\\second version for backend\\app.js:52:8\n    at Layer.handleRequest (F:\\CSIS\\Fourth year\\Final Project\\second version for backend\\node_modules\\router\\lib\\layer.js:152:17)\n    at trimPrefix (F:\\CSIS\\Fourth year\\Final Project\\second version for backend\\node_modules\\router\\index.js:342:13)\n    at F:\\CSIS\\Fourth year\\Final Project\\second version for backend\\node_modules\\router\\index.js:297:9\n    at processParams (F:\\CSIS\\Fourth year\\Final Project\\second version for backend\\node_modules\\router\\index.js:582:12)\n    at next (F:\\CSIS\\Fourth year\\Final Project\\second version for backend\\node_modules\\router\\index.js:291:5)\n    at Layer.handleRequest (F:\\CSIS\\Fourth year\\Final Project\\second version for backend\\node_modules\\router\\lib\\layer.js:147:12)\n    at trimPrefix (F:\\CSIS\\Fourth year\\Final Project\\second version for backend\\node_modules\\router\\index.js:342:13)\n    at F:\\CSIS\\Fourth year\\Final Project\\second version for backend\\node_modules\\router\\index.js:297:9\n    at processParams (F:\\CSIS\\Fourth year\\Final Project\\second version for backend\\node_modules\\router\\index.js:582:12)] || undefined\n    ]","metadata":{"timestamp":"2025-12-30 23:53:31"}}
{"level":"error","message":"Error occured [GET ||/1767131057140.jpg\n      Can't find /1767131057140.jpg on this server! ||stack :  Error: Can't find /1767131057140.jpg on this server!\n    at F:\\CSIS\\Fourth year\\Final Project\\second version for backend\\app.js:52:8\n    at Layer.handleRequest (F:\\CSIS\\Fourth year\\Final Project\\second version for backend\\node_modules\\router\\lib\\layer.js:152:17)\n    at trimPrefix (F:\\CSIS\\Fourth year\\Final Project\\second version for backend\\node_modules\\router\\index.js:342:13)\n    at F:\\CSIS\\Fourth year\\Final Project\\second version for backend\\node_modules\\router\\index.js:297:9\n    at processParams (F:\\CSIS\\Fourth year\\Final Project\\second version for backend\\node_modules\\router\\index.js:582:12)\n    at next (F:\\CSIS\\Fourth year\\Final Project\\second version for backend\\node_modules\\router\\index.js:291:5)\n    at Layer.handleRequest (F:\\CSIS\\Fourth year\\Final Project\\second version for backend\\node_modules\\router\\lib\\layer.js:147:12)\n    at trimPrefix (F:\\CSIS\\Fourth year\\Final Project\\second version for backend\\node_modules\\router\\index.js:342:13)\n    at F:\\CSIS\\Fourth year\\Final Project\\second version for backend\\node_modules\\router\\index.js:297:9\n    at processParams (F:\\CSIS\\Fourth year\\Final Project\\second version for backend\\node_modules\\router\\index.js:582:12)] || undefined\n    ]","metadata":{"timestamp":"2025-12-30 23:55:14"}}
